<?xml version="1.0" encoding="UTF-8"?>
<!-- Generated by org.testng.reporters.JUnitReportReporter -->
<testsuite hostname="DESKTOP-HQV41S6" name="com.genesis.ActionsTest" tests="1" failures="0" timestamp="27 Sep 2019 07:14:39 GMT" time="18.976" errors="0">
  <testcase name="test" time="18.976" classname="com.genesis.ActionsTest"/>
</testsuite> <!-- com.genesis.ActionsTest -->
