<?xml version="1.0" encoding="UTF-8"?>
<!-- Generated by org.testng.reporters.JUnitReportReporter -->
<testsuite hostname="DESKTOP-HQV41S6" name="com.genesis.SikuliTest" tests="1" failures="0" timestamp="26 Sep 2019 11:21:05 GMT" time="13.619" errors="0">
  <testcase name="screenSikuli" time="13.619" classname="com.genesis.SikuliTest"/>
</testsuite> <!-- com.genesis.SikuliTest -->
