<?xml version="1.0" encoding="UTF-8"?>
<!-- Generated by org.testng.reporters.JUnitReportReporter -->
<testsuite hostname="DESKTOP-HQV41S6" name="com.genesis.TestAnnotations" tests="3" failures="0" timestamp="26 Sep 2019 11:21:05 GMT" time="0.046" errors="0">
  <testcase name="method8" time="0.015" classname="com.genesis.TestAnnotations"/>
  <testcase name="method7" time="0.009" classname="com.genesis.TestAnnotations"/>
  <testcase name="method6" time="0.022" classname="com.genesis.TestAnnotations"/>
</testsuite> <!-- com.genesis.TestAnnotations -->
