<?xml version="1.0" encoding="UTF-8"?>
<!-- Generated by org.testng.reporters.JUnitReportReporter -->
<testsuite hostname="DESKTOP-HQV41S6" name="com.genesis.Utility" tests="1" failures="0" timestamp="27 Sep 2019 10:00:54 GMT" time="0.036" errors="0">
  <testcase name="test" time="0.036" classname="com.genesis.Utility"/>
</testsuite> <!-- com.genesis.Utility -->
