<?xml version="1.0" encoding="UTF-8"?>
<!-- Generated by org.testng.reporters.JUnitReportReporter -->
<testsuite hostname="DESKTOP-HQV41S6" name="com.genesis.Workbook" tests="1" failures="0" timestamp="27 Sep 2019 10:32:28 GMT" time="1.595" errors="0">
  <testcase name="test" time="1.595" classname="com.genesis.Workbook"/>
</testsuite> <!-- com.genesis.Workbook -->
