<?xml version="1.0" encoding="UTF-8"?>
<!-- Generated by org.testng.reporters.JUnitReportReporter -->
<testsuite hostname="DESKTOP-HQV41S6" name="com.genesis.HeadlessDriver" tests="1" failures="0" timestamp="28 Sep 2019 06:49:25 GMT" time="9.562" errors="0">
  <testcase name="headlessBrowser" time="9.562" classname="com.genesis.HeadlessDriver"/>
</testsuite> <!-- com.genesis.HeadlessDriver -->
